Arguments: 
  C:\Program Files\nodejs\node.exe C:\Program Files (x86)\Yarn\bin\yarn.js add @react-navigation/bottom-tabs

PATH: 
  C:\Python39\Scripts\;C:\Python39\;C:\Windows\system32;C:\Windows;C:\Windows\System32\Wbem;C:\Windows\System32\WindowsPowerShell\v1.0\;C:\Windows\System32\OpenSSH\;C:\ProgramData\chocolatey\bin;C:\Users\gs472\nvm;C:\Program Files\nodejs;C:\Program Files (x86)\Yarn\bin\;C:\Program Files\Docker\Docker\resources\bin;C:\ProgramData\DockerDesktop\version-bin;C:\Program Files\nodejs\;C:\Program Files\Git\cmd;C:\Users\mariz\AppData\Local\Microsoft\WindowsApps;C:\Users\gs472\nvm;C:\Program Files\nodejs;C:\Users\mariz\AppData\Local\Programs\Microsoft VS Code\bin;C:\Users\mariz\AppData\Local\Yarn\bin;C:\Users\mariz\AppData\Roaming\npm

Yarn version: 
  1.22.5

Node version: 
  14.17.2

Platform: 
  win32 x64

Trace: 
  Error: https://registry.yarnpkg.com/@react-navigation%2fnative: tunneling socket could not be established, cause=getaddrinfo ENOTFOUND proxy
      at ClientRequest.onError (C:\Program Files (x86)\Yarn\lib\cli.js:152235:17)
      at Object.onceWrapper (events.js:482:26)
      at ClientRequest.emit (events.js:375:28)
      at Socket.socketErrorListener (_http_client.js:475:9)
      at Socket.emit (events.js:375:28)
      at emitErrorNT (internal/streams/destroy.js:106:8)
      at emitErrorCloseNT (internal/streams/destroy.js:74:3)
      at processTicksAndRejections (internal/process/task_queues.js:82:21)

npm manifest: 
  {
    "main": "node_modules/expo/AppEntry.js",
    "scripts": {
      "start": "expo start",
      "android": "expo start --android",
      "ios": "expo start --ios",
      "web": "expo start --web",
      "eject": "expo eject"
    },
    "dependencies": {
      "@react-navigation/native": "^5.9.4",
      "expo": "~42.0.0",
      "expo-status-bar": "~1.0.4",
      "react": "16.13.1",
      "react-dom": "16.13.1",
      "react-native": "https://github.com/expo/react-native/archive/sdk-42.0.0.tar.gz",
      "react-native-web": "~0.13.12",
      "styled-components": "^5.3.0",
      "react-native-gesture-handler": "~1.10.2",
      "react-native-reanimated": "~2.2.0",
      "react-native-screens": "~3.4.0",
      "react-native-safe-area-context": "3.2.0",
      "@react-native-community/masked-view": "0.1.10"
    },
    "devDependencies": {
      "@babel/core": "^7.9.0",
      "@types/react": "~16.9.35",
      "@types/react-native": "~0.63.2",
      "@types/styled-components-react-native": "^5.1.1",
      "typescript": "~4.0.0"
    },
    "private": true
  }

yarn manifest: 
  No manifest

Lockfile: 
  No lockfile
